[2020-10-27T17:52:14.975508+00:00][INFO] Starting Queue workflows [] 
[2020-10-27T17:52:15.073296+00:00][INFO] Rule validate [] 
[2020-10-27T17:52:15.080032+00:00][INFO] condition 1 and 2 [] 
[2020-10-27T18:09:28.118971+00:00][INFO] Rule validate [] 
[2020-10-27T18:09:28.123921+00:00][INFO] condition nameRule  ==  name and 2 [] 
[2020-10-27T19:41:40.853460+00:00][INFO] Rule validate [] 
[2020-10-27T19:41:40.860520+00:00][INFO] condition nameRule  ==  name and cityRule  ==  city [] 
[2020-10-27T19:45:16.128593+00:00][INFO] Rule validate [] 
[2020-10-27T19:45:16.132011+00:00][INFO] condition nameRule  ==  name and cityRule  ==  city [] 
[2020-10-27T19:48:01.089783+00:00][INFO] Starting Queue workflows [] 
[2020-10-27T19:49:22.500004+00:00][INFO] Rule validate [] 
[2020-10-27T19:49:22.507746+00:00][INFO] condition nameRule  ==  name and cityRule  ==  city [] 
[2020-10-27T19:49:22.588369+00:00][INFO] Call to undefined function Kanvas\Packages\WorkflowsRules\Providers\envValue() ["#0 [internal function]: Kanvas\\Packages\\WorkflowsRules\\Providers\\MailProvider->Kanvas\\Packages\\WorkflowsRules\\Providers\\{closure}()\n#1 [internal function]: Phalcon\\Di\\Service->resolve()\n#2 /app/src/WorkflowsRules/Actions/SendMail.php(12): Phalcon\\Di->get()\n#3 /app/src/WorkflowsRules/Services/Rules.php(62): Kanvas\\Packages\\WorkflowsRules\\Actions\\SendMail->handle()\n#4 /app/src/WorkflowsRules/Jobs/RulesJob.php(40): Kanvas\\Packages\\WorkflowsRules\\Services\\Rules->validate()\n#5 /app/src/WorkflowsRules/Cli/tasks/QueueTask.php(60): Kanvas\\Packages\\WorkflowsRules\\Jobs\\RulesJob->handle()\n#6 {main}"] 
[2020-10-27T19:50:04.843893+00:00][INFO] Starting Queue workflows [] 
[2020-10-27T19:52:40.204077+00:00][INFO] Rule validate [] 
[2020-10-27T19:52:40.211366+00:00][INFO] condition nameRule  ==  name and cityRule  ==  city [] 
[2020-10-27T19:52:40.301238+00:00][INFO] Class 'Kanvas\Packages\WorkflowsRules\Providers\BakaMail' not found ["#0 [internal function]: Kanvas\\Packages\\WorkflowsRules\\Providers\\MailProvider->Kanvas\\Packages\\WorkflowsRules\\Providers\\{closure}()\n#1 [internal function]: Phalcon\\Di\\Service->resolve()\n#2 /app/src/WorkflowsRules/Actions/SendMail.php(12): Phalcon\\Di->get()\n#3 /app/src/WorkflowsRules/Services/Rules.php(62): Kanvas\\Packages\\WorkflowsRules\\Actions\\SendMail->handle()\n#4 /app/src/WorkflowsRules/Jobs/RulesJob.php(40): Kanvas\\Packages\\WorkflowsRules\\Services\\Rules->validate()\n#5 /app/src/WorkflowsRules/Cli/tasks/QueueTask.php(60): Kanvas\\Packages\\WorkflowsRules\\Jobs\\RulesJob->handle()\n#6 {main}"] 
[2020-10-27T19:53:33.838705+00:00][INFO] Starting Queue workflows [] 
[2020-10-27T19:58:49.577813+00:00][INFO] Rule validate [] 
[2020-10-27T19:58:49.584525+00:00][INFO] condition nameRule  ==  name and cityRule  ==  city [] 
[2020-10-27T19:58:51.365311+00:00][INFO] Call to a member function to() on string ["#0 /app/src/WorkflowsRules/Services/Rules.php(62): Kanvas\\Packages\\WorkflowsRules\\Actions\\SendMail->handle()\n#1 /app/src/WorkflowsRules/Jobs/RulesJob.php(40): Kanvas\\Packages\\WorkflowsRules\\Services\\Rules->validate()\n#2 /app/src/WorkflowsRules/Cli/tasks/QueueTask.php(60): Kanvas\\Packages\\WorkflowsRules\\Jobs\\RulesJob->handle()\n#3 {main}"] 
[2020-10-27T19:59:26.869828+00:00][INFO] Starting Queue workflows [] 
[2020-10-27T19:59:29.378288+00:00][INFO] Rule validate [] 
[2020-10-27T19:59:29.384695+00:00][INFO] condition nameRule  ==  name and cityRule  ==  city [] 
[2020-10-27T19:59:29.643876+00:00][INFO] Call to a member function to() on string ["#0 /app/src/WorkflowsRules/Services/Rules.php(62): Kanvas\\Packages\\WorkflowsRules\\Actions\\SendMail->handle()\n#1 /app/src/WorkflowsRules/Jobs/RulesJob.php(40): Kanvas\\Packages\\WorkflowsRules\\Services\\Rules->validate()\n#2 /app/src/WorkflowsRules/Cli/tasks/QueueTask.php(60): Kanvas\\Packages\\WorkflowsRules\\Jobs\\RulesJob->handle()\n#3 {main}"] 
[2020-10-27T20:04:44.712870+00:00][INFO] Starting Queue workflows [] 
[2020-10-27T20:04:52.670691+00:00][INFO] Starting Queue workflows [] 
[2020-10-27T20:04:54.841824+00:00][INFO] Rule validate [] 
[2020-10-27T20:04:54.849427+00:00][INFO] condition nameRule  ==  name and cityRule  ==  city [] 
[2020-10-27T20:04:55.031414+00:00][INFO] Call to undefined method or service 'getConfig' ["#0 /app/vendor/baka/baka/src/Mail/Message.php(100): Phalcon\\Di->__call()\n#1 /app/src/WorkflowsRules/Actions/SendMail.php(17): Baka\\Mail\\Message->sendNow()\n#2 /app/src/WorkflowsRules/Services/Rules.php(62): Kanvas\\Packages\\WorkflowsRules\\Actions\\SendMail->handle()\n#3 /app/src/WorkflowsRules/Jobs/RulesJob.php(40): Kanvas\\Packages\\WorkflowsRules\\Services\\Rules->validate()\n#4 /app/src/WorkflowsRules/Cli/tasks/QueueTask.php(60): Kanvas\\Packages\\WorkflowsRules\\Jobs\\RulesJob->handle()\n#5 {main}"] 
